[0.532s] Invoking command in '/home/david/my_ros2_ws/build/turtlebot3_autobot': PYTHONPATH=/home/david/my_ros2_ws/build/turtlebot3_autobot/prefix_override:/usr/lib/python3/dist-packages/colcon_core/task/python/colcon_distutils_commands:/home/david/my_ros2_ws/install/turtlebot3_autobot/lib/python3.10/site-packages:${PYTHONPATH} /usr/bin/python3 -W ignore:setup.py install is deprecated setup.py develop --editable --build-directory /home/david/my_ros2_ws/build/turtlebot3_autobot/build --no-deps symlink_data --force
[0.718s] running develop
[0.718s] /usr/lib/python3/dist-packages/setuptools/command/easy_install.py:158: EasyInstallDeprecationWarning: easy_install command is deprecated. Use build and pip and other standards-based tools.
[0.718s]   warnings.warn(
[0.832s] running egg_info
[0.833s] writing turtlebot3_autobot.egg-info/PKG-INFO
[0.833s] writing dependency_links to turtlebot3_autobot.egg-info/dependency_links.txt
[0.833s] writing entry points to turtlebot3_autobot.egg-info/entry_points.txt
[0.833s] writing requirements to turtlebot3_autobot.egg-info/requires.txt
[0.833s] writing top-level names to turtlebot3_autobot.egg-info/top_level.txt
[0.833s] reading manifest file 'turtlebot3_autobot.egg-info/SOURCES.txt'
[0.841s] writing manifest file 'turtlebot3_autobot.egg-info/SOURCES.txt'
[0.842s] running build_ext
[0.842s] Creating /home/david/my_ros2_ws/install/turtlebot3_autobot/lib/python3.10/site-packages/turtlebot3-autobot.egg-link (link to .)
[0.843s] Installing mover_node script to /home/david/my_ros2_ws/install/turtlebot3_autobot/lib/turtlebot3_autobot
[0.843s] 
[0.843s] Installed /home/david/my_ros2_ws/build/turtlebot3_autobot
[0.843s] running symlink_data
[0.843s] symbolically linking /home/david/my_ros2_ws/build/turtlebot3_autobot/resource/turtlebot3_autobot -> /home/david/my_ros2_ws/install/turtlebot3_autobot/share/ament_index/resource_index/packages
[0.843s] symbolically linking /home/david/my_ros2_ws/build/turtlebot3_autobot/package.xml -> /home/david/my_ros2_ws/install/turtlebot3_autobot/share/turtlebot3_autobot
[0.866s] Invoked command in '/home/david/my_ros2_ws/build/turtlebot3_autobot' returned '0': PYTHONPATH=/home/david/my_ros2_ws/build/turtlebot3_autobot/prefix_override:/usr/lib/python3/dist-packages/colcon_core/task/python/colcon_distutils_commands:/home/david/my_ros2_ws/install/turtlebot3_autobot/lib/python3.10/site-packages:${PYTHONPATH} /usr/bin/python3 -W ignore:setup.py install is deprecated setup.py develop --editable --build-directory /home/david/my_ros2_ws/build/turtlebot3_autobot/build --no-deps symlink_data --force
