[0.692s] Invoking command in '/home/david/Desktop/autobot_facultate/my_ros2_ws/build/turtlebot3_autobot': PYTHONPATH=/home/david/Desktop/autobot_facultate/my_ros2_ws/build/turtlebot3_autobot/prefix_override:/usr/lib/python3/dist-packages/colcon_core/task/python/colcon_distutils_commands:/home/david/Desktop/autobot_facultate/my_ros2_ws/install/turtlebot3_autobot/lib/python3.10/site-packages:${PYTHONPATH} /usr/bin/python3 -W ignore:setup.py install is deprecated setup.py develop --editable --build-directory /home/david/Desktop/autobot_facultate/my_ros2_ws/build/turtlebot3_autobot/build --no-deps symlink_data
[0.938s] running develop
[0.939s] /usr/lib/python3/dist-packages/setuptools/command/easy_install.py:158: EasyInstallDeprecationWarning: easy_install command is deprecated. Use build and pip and other standards-based tools.
[0.939s]   warnings.warn(
[1.092s] running egg_info
[1.092s] writing turtlebot3_autobot.egg-info/PKG-INFO
[1.092s] writing dependency_links to turtlebot3_autobot.egg-info/dependency_links.txt
[1.092s] writing entry points to turtlebot3_autobot.egg-info/entry_points.txt
[1.092s] writing requirements to turtlebot3_autobot.egg-info/requires.txt
[1.092s] writing top-level names to turtlebot3_autobot.egg-info/top_level.txt
[1.093s] reading manifest file 'turtlebot3_autobot.egg-info/SOURCES.txt'
[1.093s] writing manifest file 'turtlebot3_autobot.egg-info/SOURCES.txt'
[1.096s] running build_ext
[1.098s] Creating /home/david/Desktop/autobot_facultate/my_ros2_ws/install/turtlebot3_autobot/lib/python3.10/site-packages/turtlebot3-autobot.egg-link (link to .)
[1.100s] Installing line_follower_node script to /home/david/Desktop/autobot_facultate/my_ros2_ws/install/turtlebot3_autobot/lib/turtlebot3_autobot
[1.100s] Installing mover_node script to /home/david/Desktop/autobot_facultate/my_ros2_ws/install/turtlebot3_autobot/lib/turtlebot3_autobot
[1.100s] 
[1.100s] Installed /home/david/Desktop/autobot_facultate/my_ros2_ws/build/turtlebot3_autobot
[1.101s] running symlink_data
[1.144s] Invoked command in '/home/david/Desktop/autobot_facultate/my_ros2_ws/build/turtlebot3_autobot' returned '0': PYTHONPATH=/home/david/Desktop/autobot_facultate/my_ros2_ws/build/turtlebot3_autobot/prefix_override:/usr/lib/python3/dist-packages/colcon_core/task/python/colcon_distutils_commands:/home/david/Desktop/autobot_facultate/my_ros2_ws/install/turtlebot3_autobot/lib/python3.10/site-packages:${PYTHONPATH} /usr/bin/python3 -W ignore:setup.py install is deprecated setup.py develop --editable --build-directory /home/david/Desktop/autobot_facultate/my_ros2_ws/build/turtlebot3_autobot/build --no-deps symlink_data
