running egg_info
creating ../../build/turtlebot3_autobot/turtlebot3_autobot.egg-info
writing ../../build/turtlebot3_autobot/turtlebot3_autobot.egg-info/PKG-INFO
writing dependency_links to ../../build/turtlebot3_autobot/turtlebot3_autobot.egg-info/dependency_links.txt
writing entry points to ../../build/turtlebot3_autobot/turtlebot3_autobot.egg-info/entry_points.txt
writing requirements to ../../build/turtlebot3_autobot/turtlebot3_autobot.egg-info/requires.txt
writing top-level names to ../../build/turtlebot3_autobot/turtlebot3_autobot.egg-info/top_level.txt
writing manifest file '../../build/turtlebot3_autobot/turtlebot3_autobot.egg-info/SOURCES.txt'
reading manifest file '../../build/turtlebot3_autobot/turtlebot3_autobot.egg-info/SOURCES.txt'
writing manifest file '../../build/turtlebot3_autobot/turtlebot3_autobot.egg-info/SOURCES.txt'
running build
running build_py
creating /home/david/my_ros2_ws/build/turtlebot3_autobot/build
creating /home/david/my_ros2_ws/build/turtlebot3_autobot/build/lib
creating /home/david/my_ros2_ws/build/turtlebot3_autobot/build/lib/turtlebot3_autobot
copying turtlebot3_autobot/__init__.py -> /home/david/my_ros2_ws/build/turtlebot3_autobot/build/lib/turtlebot3_autobot
copying turtlebot3_autobot/mover_node.py -> /home/david/my_ros2_ws/build/turtlebot3_autobot/build/lib/turtlebot3_autobot
running install
running install_lib
creating /home/david/my_ros2_ws/install/turtlebot3_autobot/lib/python3.10/site-packages/turtlebot3_autobot
copying /home/david/my_ros2_ws/build/turtlebot3_autobot/build/lib/turtlebot3_autobot/__init__.py -> /home/david/my_ros2_ws/install/turtlebot3_autobot/lib/python3.10/site-packages/turtlebot3_autobot
copying /home/david/my_ros2_ws/build/turtlebot3_autobot/build/lib/turtlebot3_autobot/mover_node.py -> /home/david/my_ros2_ws/install/turtlebot3_autobot/lib/python3.10/site-packages/turtlebot3_autobot
byte-compiling /home/david/my_ros2_ws/install/turtlebot3_autobot/lib/python3.10/site-packages/turtlebot3_autobot/__init__.py to __init__.cpython-310.pyc
byte-compiling /home/david/my_ros2_ws/install/turtlebot3_autobot/lib/python3.10/site-packages/turtlebot3_autobot/mover_node.py to mover_node.cpython-310.pyc
running install_data
creating /home/david/my_ros2_ws/install/turtlebot3_autobot/share/ament_index
creating /home/david/my_ros2_ws/install/turtlebot3_autobot/share/ament_index/resource_index
creating /home/david/my_ros2_ws/install/turtlebot3_autobot/share/ament_index/resource_index/packages
copying resource/turtlebot3_autobot -> /home/david/my_ros2_ws/install/turtlebot3_autobot/share/ament_index/resource_index/packages
copying package.xml -> /home/david/my_ros2_ws/install/turtlebot3_autobot/share/turtlebot3_autobot
running install_egg_info
Copying ../../build/turtlebot3_autobot/turtlebot3_autobot.egg-info to /home/david/my_ros2_ws/install/turtlebot3_autobot/lib/python3.10/site-packages/turtlebot3_autobot-0.0.0-py3.10.egg-info
running install_scripts
writing list of installed files to '/home/david/my_ros2_ws/build/turtlebot3_autobot/install.log'
