[0.397s] Invoking command in '/home/david/my_ros2_ws/src/turtlebot3_autobot': PYTHONPATH=/home/david/my_ros2_ws/build/turtlebot3_autobot/prefix_override:/usr/lib/python3/dist-packages/colcon_core/task/python/colcon_distutils_commands:/home/david/my_ros2_ws/install/turtlebot3_autobot/lib/python3.10/site-packages: /usr/bin/python3 -W ignore:setup.py install is deprecated setup.py egg_info --egg-base ../../build/turtlebot3_autobot build --build-base /home/david/my_ros2_ws/build/turtlebot3_autobot/build install --record /home/david/my_ros2_ws/build/turtlebot3_autobot/install.log --single-version-externally-managed install_data
[0.550s] running egg_info
[0.552s] creating ../../build/turtlebot3_autobot/turtlebot3_autobot.egg-info
[0.552s] writing ../../build/turtlebot3_autobot/turtlebot3_autobot.egg-info/PKG-INFO
[0.552s] writing dependency_links to ../../build/turtlebot3_autobot/turtlebot3_autobot.egg-info/dependency_links.txt
[0.552s] writing entry points to ../../build/turtlebot3_autobot/turtlebot3_autobot.egg-info/entry_points.txt
[0.552s] writing requirements to ../../build/turtlebot3_autobot/turtlebot3_autobot.egg-info/requires.txt
[0.552s] writing top-level names to ../../build/turtlebot3_autobot/turtlebot3_autobot.egg-info/top_level.txt
[0.552s] writing manifest file '../../build/turtlebot3_autobot/turtlebot3_autobot.egg-info/SOURCES.txt'
[0.555s] reading manifest file '../../build/turtlebot3_autobot/turtlebot3_autobot.egg-info/SOURCES.txt'
[0.555s] writing manifest file '../../build/turtlebot3_autobot/turtlebot3_autobot.egg-info/SOURCES.txt'
[0.555s] running build
[0.555s] running build_py
[0.555s] creating /home/david/my_ros2_ws/build/turtlebot3_autobot/build
[0.555s] creating /home/david/my_ros2_ws/build/turtlebot3_autobot/build/lib
[0.555s] creating /home/david/my_ros2_ws/build/turtlebot3_autobot/build/lib/turtlebot3_autobot
[0.555s] copying turtlebot3_autobot/__init__.py -> /home/david/my_ros2_ws/build/turtlebot3_autobot/build/lib/turtlebot3_autobot
[0.555s] copying turtlebot3_autobot/mover_node.py -> /home/david/my_ros2_ws/build/turtlebot3_autobot/build/lib/turtlebot3_autobot
[0.555s] running install
[0.555s] running install_lib
[0.556s] creating /home/david/my_ros2_ws/install/turtlebot3_autobot/lib/python3.10/site-packages/turtlebot3_autobot
[0.556s] copying /home/david/my_ros2_ws/build/turtlebot3_autobot/build/lib/turtlebot3_autobot/__init__.py -> /home/david/my_ros2_ws/install/turtlebot3_autobot/lib/python3.10/site-packages/turtlebot3_autobot
[0.556s] copying /home/david/my_ros2_ws/build/turtlebot3_autobot/build/lib/turtlebot3_autobot/mover_node.py -> /home/david/my_ros2_ws/install/turtlebot3_autobot/lib/python3.10/site-packages/turtlebot3_autobot
[0.556s] byte-compiling /home/david/my_ros2_ws/install/turtlebot3_autobot/lib/python3.10/site-packages/turtlebot3_autobot/__init__.py to __init__.cpython-310.pyc
[0.556s] byte-compiling /home/david/my_ros2_ws/install/turtlebot3_autobot/lib/python3.10/site-packages/turtlebot3_autobot/mover_node.py to mover_node.cpython-310.pyc
[0.556s] running install_data
[0.556s] creating /home/david/my_ros2_ws/install/turtlebot3_autobot/share/ament_index
[0.556s] creating /home/david/my_ros2_ws/install/turtlebot3_autobot/share/ament_index/resource_index
[0.556s] creating /home/david/my_ros2_ws/install/turtlebot3_autobot/share/ament_index/resource_index/packages
[0.556s] copying resource/turtlebot3_autobot -> /home/david/my_ros2_ws/install/turtlebot3_autobot/share/ament_index/resource_index/packages
[0.556s] copying package.xml -> /home/david/my_ros2_ws/install/turtlebot3_autobot/share/turtlebot3_autobot
[0.556s] running install_egg_info
[0.558s] Copying ../../build/turtlebot3_autobot/turtlebot3_autobot.egg-info to /home/david/my_ros2_ws/install/turtlebot3_autobot/lib/python3.10/site-packages/turtlebot3_autobot-0.0.0-py3.10.egg-info
[0.559s] running install_scripts
[0.576s] writing list of installed files to '/home/david/my_ros2_ws/build/turtlebot3_autobot/install.log'
[0.596s] Invoked command in '/home/david/my_ros2_ws/src/turtlebot3_autobot' returned '0': PYTHONPATH=/home/david/my_ros2_ws/build/turtlebot3_autobot/prefix_override:/usr/lib/python3/dist-packages/colcon_core/task/python/colcon_distutils_commands:/home/david/my_ros2_ws/install/turtlebot3_autobot/lib/python3.10/site-packages: /usr/bin/python3 -W ignore:setup.py install is deprecated setup.py egg_info --egg-base ../../build/turtlebot3_autobot build --build-base /home/david/my_ros2_ws/build/turtlebot3_autobot/build install --record /home/david/my_ros2_ws/build/turtlebot3_autobot/install.log --single-version-externally-managed install_data
