[0.399s] Invoking command in '/home/david/my_ros2_ws/src/turtlebot3_autobot': PYTHONPATH=/home/david/my_ros2_ws/build/turtlebot3_autobot/prefix_override:/usr/lib/python3/dist-packages/colcon_core/task/python/colcon_distutils_commands:/home/david/my_ros2_ws/install/turtlebot3_autobot/lib/python3.10/site-packages: /usr/bin/python3 -W ignore:setup.py install is deprecated setup.py egg_info --egg-base ../../build/turtlebot3_autobot build --build-base /home/david/my_ros2_ws/build/turtlebot3_autobot/build install --record /home/david/my_ros2_ws/build/turtlebot3_autobot/install.log --single-version-externally-managed install_data
[0.539s] running egg_info
[0.539s] writing ../../build/turtlebot3_autobot/turtlebot3_autobot.egg-info/PKG-INFO
[0.539s] writing dependency_links to ../../build/turtlebot3_autobot/turtlebot3_autobot.egg-info/dependency_links.txt
[0.539s] writing entry points to ../../build/turtlebot3_autobot/turtlebot3_autobot.egg-info/entry_points.txt
[0.539s] writing requirements to ../../build/turtlebot3_autobot/turtlebot3_autobot.egg-info/requires.txt
[0.540s] writing top-level names to ../../build/turtlebot3_autobot/turtlebot3_autobot.egg-info/top_level.txt
[0.541s] reading manifest file '../../build/turtlebot3_autobot/turtlebot3_autobot.egg-info/SOURCES.txt'
[0.541s] writing manifest file '../../build/turtlebot3_autobot/turtlebot3_autobot.egg-info/SOURCES.txt'
[0.541s] running build
[0.542s] running build_py
[0.542s] running install
[0.542s] running install_lib
[0.543s] running install_data
[0.543s] running install_egg_info
[0.544s] removing '/home/david/my_ros2_ws/install/turtlebot3_autobot/lib/python3.10/site-packages/turtlebot3_autobot-0.0.0-py3.10.egg-info' (and everything under it)
[0.544s] Copying ../../build/turtlebot3_autobot/turtlebot3_autobot.egg-info to /home/david/my_ros2_ws/install/turtlebot3_autobot/lib/python3.10/site-packages/turtlebot3_autobot-0.0.0-py3.10.egg-info
[0.545s] running install_scripts
[0.560s] writing list of installed files to '/home/david/my_ros2_ws/build/turtlebot3_autobot/install.log'
[0.578s] Invoked command in '/home/david/my_ros2_ws/src/turtlebot3_autobot' returned '0': PYTHONPATH=/home/david/my_ros2_ws/build/turtlebot3_autobot/prefix_override:/usr/lib/python3/dist-packages/colcon_core/task/python/colcon_distutils_commands:/home/david/my_ros2_ws/install/turtlebot3_autobot/lib/python3.10/site-packages: /usr/bin/python3 -W ignore:setup.py install is deprecated setup.py egg_info --egg-base ../../build/turtlebot3_autobot build --build-base /home/david/my_ros2_ws/build/turtlebot3_autobot/build install --record /home/david/my_ros2_ws/build/turtlebot3_autobot/install.log --single-version-externally-managed install_data
