[0.464s] Invoking command in '/home/david/my_ros2_ws/src/turtlebot3_autobot': PYTHONPATH=/home/david/my_ros2_ws/build/turtlebot3_autobot/prefix_override:/usr/lib/python3/dist-packages/colcon_core/task/python/colcon_distutils_commands:/home/david/my_ros2_ws/install/turtlebot3_autobot/lib/python3.10/site-packages:${PYTHONPATH} /usr/bin/python3 -W ignore:setup.py install is deprecated setup.py egg_info --egg-base ../../build/turtlebot3_autobot build --build-base /home/david/my_ros2_ws/build/turtlebot3_autobot/build install --record /home/david/my_ros2_ws/build/turtlebot3_autobot/install.log --single-version-externally-managed install_data
[0.650s] running egg_info
[0.650s] writing ../../build/turtlebot3_autobot/turtlebot3_autobot.egg-info/PKG-INFO
[0.651s] writing dependency_links to ../../build/turtlebot3_autobot/turtlebot3_autobot.egg-info/dependency_links.txt
[0.651s] writing entry points to ../../build/turtlebot3_autobot/turtlebot3_autobot.egg-info/entry_points.txt
[0.651s] writing requirements to ../../build/turtlebot3_autobot/turtlebot3_autobot.egg-info/requires.txt
[0.651s] writing top-level names to ../../build/turtlebot3_autobot/turtlebot3_autobot.egg-info/top_level.txt
[0.652s] reading manifest file '../../build/turtlebot3_autobot/turtlebot3_autobot.egg-info/SOURCES.txt'
[0.653s] writing manifest file '../../build/turtlebot3_autobot/turtlebot3_autobot.egg-info/SOURCES.txt'
[0.653s] running build
[0.653s] running build_py
[0.653s] running install
[0.654s] running install_lib
[0.655s] running install_data
[0.655s] running install_egg_info
[0.656s] removing '/home/david/my_ros2_ws/install/turtlebot3_autobot/lib/python3.10/site-packages/turtlebot3_autobot-0.0.0-py3.10.egg-info' (and everything under it)
[0.656s] Copying ../../build/turtlebot3_autobot/turtlebot3_autobot.egg-info to /home/david/my_ros2_ws/install/turtlebot3_autobot/lib/python3.10/site-packages/turtlebot3_autobot-0.0.0-py3.10.egg-info
[0.657s] running install_scripts
[0.672s] writing list of installed files to '/home/david/my_ros2_ws/build/turtlebot3_autobot/install.log'
[0.692s] Invoked command in '/home/david/my_ros2_ws/src/turtlebot3_autobot' returned '0': PYTHONPATH=/home/david/my_ros2_ws/build/turtlebot3_autobot/prefix_override:/usr/lib/python3/dist-packages/colcon_core/task/python/colcon_distutils_commands:/home/david/my_ros2_ws/install/turtlebot3_autobot/lib/python3.10/site-packages:${PYTHONPATH} /usr/bin/python3 -W ignore:setup.py install is deprecated setup.py egg_info --egg-base ../../build/turtlebot3_autobot build --build-base /home/david/my_ros2_ws/build/turtlebot3_autobot/build install --record /home/david/my_ros2_ws/build/turtlebot3_autobot/install.log --single-version-externally-managed install_data
