[0.542s] Invoking command in '/home/david/Desktop/autobot_facultate/my_ros2_ws/build/turtlebot3_autobot': PYTHONPATH=/home/david/Desktop/autobot_facultate/my_ros2_ws/build/turtlebot3_autobot/prefix_override:/usr/lib/python3/dist-packages/colcon_core/task/python/colcon_distutils_commands:/home/david/Desktop/autobot_facultate/my_ros2_ws/install/turtlebot3_autobot/lib/python3.10/site-packages:${PYTHONPATH} /usr/bin/python3 -W ignore:setup.py install is deprecated setup.py develop --editable --build-directory /home/david/Desktop/autobot_facultate/my_ros2_ws/build/turtlebot3_autobot/build --no-deps symlink_data
[0.735s] running develop
[0.735s] /usr/lib/python3/dist-packages/setuptools/command/easy_install.py:158: EasyInstallDeprecationWarning: easy_install command is deprecated. Use build and pip and other standards-based tools.
[0.735s]   warnings.warn(
[0.852s] running egg_info
[0.852s] writing turtlebot3_autobot.egg-info/PKG-INFO
[0.852s] writing dependency_links to turtlebot3_autobot.egg-info/dependency_links.txt
[0.853s] writing entry points to turtlebot3_autobot.egg-info/entry_points.txt
[0.853s] writing requirements to turtlebot3_autobot.egg-info/requires.txt
[0.853s] writing top-level names to turtlebot3_autobot.egg-info/top_level.txt
[0.854s] reading manifest file 'turtlebot3_autobot.egg-info/SOURCES.txt'
[0.861s] writing manifest file 'turtlebot3_autobot.egg-info/SOURCES.txt'
[0.862s] running build_ext
[0.863s] Creating /home/david/Desktop/autobot_facultate/my_ros2_ws/install/turtlebot3_autobot/lib/python3.10/site-packages/turtlebot3-autobot.egg-link (link to .)
[0.864s] Installing line_follower_node script to /home/david/Desktop/autobot_facultate/my_ros2_ws/install/turtlebot3_autobot/lib/turtlebot3_autobot
[0.864s] Installing mover_node script to /home/david/Desktop/autobot_facultate/my_ros2_ws/install/turtlebot3_autobot/lib/turtlebot3_autobot
[0.864s] 
[0.864s] Installed /home/david/Desktop/autobot_facultate/my_ros2_ws/build/turtlebot3_autobot
[0.864s] running symlink_data
[0.887s] Invoked command in '/home/david/Desktop/autobot_facultate/my_ros2_ws/build/turtlebot3_autobot' returned '0': PYTHONPATH=/home/david/Desktop/autobot_facultate/my_ros2_ws/build/turtlebot3_autobot/prefix_override:/usr/lib/python3/dist-packages/colcon_core/task/python/colcon_distutils_commands:/home/david/Desktop/autobot_facultate/my_ros2_ws/install/turtlebot3_autobot/lib/python3.10/site-packages:${PYTHONPATH} /usr/bin/python3 -W ignore:setup.py install is deprecated setup.py develop --editable --build-directory /home/david/Desktop/autobot_facultate/my_ros2_ws/build/turtlebot3_autobot/build --no-deps symlink_data
